<?xml version="1.0" encoding="UTF-8"?>
<testng-results ignored="0" total="1" passed="1" failed="0" skipped="0">
  <reporter-output>
    <line>
      <![CDATA[Clicked on By.cssSelector: input[id='btnLogin']]]>
    </line>
    <line>
      <![CDATA[Clicked on By.cssSelector: input[id='btnLogin']]]>
    </line>
    <line>
      <![CDATA[Clicked on By.cssSelector: input[id='btnLogin']]]>
    </line>
    <line>
      <![CDATA[Clicked on By.cssSelector: input[id='btnLogin']]]>
    </line>
  </reporter-output>
  <suite started-at="2020-05-01T21:16:32 IST" name="Automation Suite" finished-at="2020-05-01T21:16:52 IST" duration-ms="20104">
    <groups>
    </groups>
    <test started-at="2020-05-01T21:16:32 IST" name="Regression Test 3" finished-at="2020-05-01T21:16:52 IST" duration-ms="20104">
      <class name="testcases.TC_003_SampleFunc">
        <test-method is-config="true" signature="beforeClass(java.lang.String, java.lang.String)[pri:0, instance:testcases.TC_003_SampleFunc@1700915]" started-at="2020-05-01T21:16:32 IST" name="beforeClass" finished-at="2020-05-01T21:16:36 IST" duration-ms="4440" status="PASS">
          <params>
            <param index="0">
              <value>
                <![CDATA[chrome]]>
              </value>
            </param>
            <param index="1">
              <value>
                <![CDATA[02]]>
              </value>
            </param>
          </params>
          <reporter-output>
          </reporter-output>
        </test-method> <!-- beforeClass -->
        <test-method signature="testcase()[pri:0, instance:testcases.TC_003_SampleFunc@1700915]" started-at="2020-05-01T21:16:36 IST" name="testcase" finished-at="2020-05-01T21:16:52 IST" duration-ms="15507" status="PASS">
          <reporter-output>
            <line>
              <![CDATA[Clicked on By.cssSelector: input[id='btnLogin']]]>
            </line>
          </reporter-output>
        </test-method> <!-- testcase -->
        <test-method is-config="true" signature="afterClass()[pri:0, instance:testcases.TC_003_SampleFunc@1700915]" started-at="2020-05-01T21:16:52 IST" name="afterClass" finished-at="2020-05-01T21:16:52 IST" duration-ms="112" status="PASS">
          <reporter-output>
          </reporter-output>
        </test-method> <!-- afterClass -->
      </class> <!-- testcases.TC_003_SampleFunc -->
    </test> <!-- Regression Test 3 -->
  </suite> <!-- Automation Suite -->
</testng-results>
