<?xml version="1.0" encoding="UTF-8"?>
<!-- Generated by org.testng.reporters.JUnitXMLReporter -->
<testsuite ignored="0" hostname="DESKTOP-URHT7FC" failures="0" tests="4" name="sample test" time="17.209" errors="0" timestamp="2020-04-27T20:23:35 IST">
  <testcase classname="testcases.TC010_parallel" name="testcase" time="8.412"/>
  <testcase classname="testcases.TC009_parallel" name="testcase" time="12.889"/>
  <testcase classname="testcases.TC008_parallel" name="testcase" time="16.208"/>
  <testcase classname="testcases.TC007_parallel" name="testcase" time="17.137"/>
</testsuite> <!-- sample test -->
