<?xml version="1.0" encoding="UTF-8"?>
<testng-results ignored="0" total="1" passed="1" failed="0" skipped="0">
  <reporter-output>
  </reporter-output>
  <suite started-at="2020-05-09T18:48:08 IST" name="Default suite" finished-at="2020-05-09T18:48:17 IST" duration-ms="8986">
    <groups>
    </groups>
    <test started-at="2020-05-09T18:48:08 IST" name="Default test" finished-at="2020-05-09T18:48:17 IST" duration-ms="8986">
      <class name="testcases.TC011_CI">
        <test-method signature="testcase()[pri:0, instance:testcases.TC011_CI@4690b489]" started-at="2020-05-09T18:48:08 IST" name="testcase" finished-at="2020-05-09T18:48:17 IST" duration-ms="8942" status="PASS">
          <reporter-output>
          </reporter-output>
        </test-method> <!-- testcase -->
      </class> <!-- testcases.TC011_CI -->
    </test> <!-- Default test -->
  </suite> <!-- Default suite -->
</testng-results>
