<?xml version="1.0" encoding="UTF-8"?>
<!-- Generated by org.testng.reporters.JUnitXMLReporter -->
<testsuite ignored="0" hostname="DESKTOP-URHT7FC" failures="0" tests="4" name="Regression Test 3" time="20.104" errors="0" timestamp="2020-05-01T21:16:52 IST">
  <testcase classname="testcases.TC_002_SampleFunc" name="testcase" time="12.192"/>
  <testcase classname="testcases.TC_004_SampleFunc" name="testcase" time="12.695"/>
  <testcase classname="testcases.TC_001_SampleFunc" name="testcase" time="13.969"/>
  <testcase classname="testcases.TC_003_SampleFunc" name="testcase" time="15.507"/>
</testsuite> <!-- Regression Test 3 -->
