<?xml version="1.0" encoding="UTF-8"?>
<!-- Generated by org.testng.reporters.JUnitXMLReporter -->
<testsuite ignored="0" hostname="DESKTOP-URHT7FC" failures="0" tests="4" name="Regression Test 1" time="69.367" errors="0" timestamp="2020-05-03T21:03:39 IST">
  <testcase classname="testcases.TC_003_SampleFunc" name="testcase" time="30.032"/>
  <testcase classname="testcases.TC_002_SampleFunc" name="testcase" time="35.021"/>
  <testcase classname="testcases.TC_004_SampleFunc" name="testcase" time="35.202"/>
  <testcase classname="testcases.TC_001_SampleFunc" name="testcase" time="36.03"/>
</testsuite> <!-- Regression Test 1 -->
