<?xml version="1.0" encoding="UTF-8"?>
<!-- Generated by org.testng.reporters.JUnitXMLReporter -->
<testsuite ignored="0" hostname="DESKTOP-URHT7FC" failures="0" tests="3" name="Regression Test 4" time="18.406" errors="0" timestamp="2020-05-01T14:33:27 IST">
  <testcase classname="testcases.TC_003_SampleFunc" name="testcase" time="11.183"/>
  <testcase classname="testcases.TC_001_SampleFunc" name="testcase" time="12.395"/>
  <testcase classname="testcases.TC_004_SampleFunc" name="testcase" time="13.705"/>
</testsuite> <!-- Regression Test 4 -->
